This is pdfTeX, Version 3.141592653-2.6-1.40.27 (TeX Live 2026/dev/Arch Linux) (preloaded format=pdflatex 2025.6.7)  9 JUN 2025 17:10
entering extended mode
 restricted \write18 enabled.
 %&-line parsing enabled.
**main.tex
(./main.tex
LaTeX2e <2024-11-01> patch level 2
L3 programming layer <2025-01-18>
(/usr/share/texmf-dist/tex/latex/ieeetran/IEEEtran.cls
Document Class: IEEEtran 2015/08/26 V1.8b by Michael Shell
-- See the "IEEEtran_HOWTO" manual for usage information.
-- http://www.michaelshell.org/tex/ieeetran/
\@IEEEtrantmpdimenA=\dimen141
\@IEEEtrantmpdimenB=\dimen142
\@IEEEtrantmpdimenC=\dimen143
\@IEEEtrantmpcountA=\count196
\@IEEEtrantmpcountB=\count197
\@IEEEtrantmpcountC=\count198
\@IEEEtrantmptoksA=\toks17
LaTeX Font Info:    Trying to load font information for OT1+ptm on input line 5
03.
(/usr/share/texmf-dist/tex/latex/psnfss/ot1ptm.fd
File: ot1ptm.fd 2001/06/04 font definitions for OT1/ptm.
)
-- Using IEEE Computer Society mode.
-- Using 8.5in x 11in (letter) paper.
-- Using PDF output.
\@IEEEnormalsizeunitybaselineskip=\dimen144
-- This is a 10 point document.
\CLASSINFOnormalsizebaselineskip=\dimen145
\CLASSINFOnormalsizeunitybaselineskip=\dimen146
\IEEEnormaljot=\dimen147
LaTeX Font Info:    Font shape `OT1/ptm/bx/n' in size <5.01874> not available
(Font)              Font shape `OT1/ptm/b/n' tried instead on input line 1090.
LaTeX Font Info:    Font shape `OT1/ptm/bx/it' in size <5.01874> not available
(Font)              Font shape `OT1/ptm/b/it' tried instead on input line 1090.

LaTeX Font Info:    Font shape `OT1/ptm/bx/n' in size <7.02625> not available
(Font)              Font shape `OT1/ptm/b/n' tried instead on input line 1090.
LaTeX Font Info:    Font shape `OT1/ptm/bx/it' in size <7.02625> not available
(Font)              Font shape `OT1/ptm/b/it' tried instead on input line 1090.

LaTeX Font Info:    Font shape `OT1/ptm/bx/n' in size <8.03> not available
(Font)              Font shape `OT1/ptm/b/n' tried instead on input line 1090.
LaTeX Font Info:    Font shape `OT1/ptm/bx/it' in size <8.03> not available
(Font)              Font shape `OT1/ptm/b/it' tried instead on input line 1090.

LaTeX Font Info:    Font shape `OT1/ptm/bx/n' in size <9.03374> not available
(Font)              Font shape `OT1/ptm/b/n' tried instead on input line 1090.
LaTeX Font Info:    Font shape `OT1/ptm/bx/it' in size <9.03374> not available
(Font)              Font shape `OT1/ptm/b/it' tried instead on input line 1090.

LaTeX Font Info:    Font shape `OT1/ptm/bx/n' in size <10.03749> not available
(Font)              Font shape `OT1/ptm/b/n' tried instead on input line 1090.
LaTeX Font Info:    Font shape `OT1/ptm/bx/it' in size <10.03749> not available

(Font)              Font shape `OT1/ptm/b/it' tried instead on input line 1090.

LaTeX Font Info:    Font shape `OT1/ptm/bx/n' in size <11.04124> not available
(Font)              Font shape `OT1/ptm/b/n' tried instead on input line 1090.
LaTeX Font Info:    Font shape `OT1/ptm/bx/it' in size <11.04124> not available

(Font)              Font shape `OT1/ptm/b/it' tried instead on input line 1090.

LaTeX Font Info:    Font shape `OT1/ptm/bx/n' in size <12.045> not available
(Font)              Font shape `OT1/ptm/b/n' tried instead on input line 1090.
LaTeX Font Info:    Font shape `OT1/ptm/bx/it' in size <12.045> not available
(Font)              Font shape `OT1/ptm/b/it' tried instead on input line 1090.

LaTeX Font Info:    Font shape `OT1/ptm/bx/n' in size <17.06374> not available
(Font)              Font shape `OT1/ptm/b/n' tried instead on input line 1090.
LaTeX Font Info:    Font shape `OT1/ptm/bx/it' in size <17.06374> not available

(Font)              Font shape `OT1/ptm/b/it' tried instead on input line 1090.

LaTeX Font Info:    Font shape `OT1/ptm/bx/n' in size <20.075> not available
(Font)              Font shape `OT1/ptm/b/n' tried instead on input line 1090.
LaTeX Font Info:    Font shape `OT1/ptm/bx/it' in size <20.075> not available
(Font)              Font shape `OT1/ptm/b/it' tried instead on input line 1090.

LaTeX Font Info:    Font shape `OT1/ptm/bx/n' in size <24.09> not available
(Font)              Font shape `OT1/ptm/b/n' tried instead on input line 1090.
LaTeX Font Info:    Font shape `OT1/ptm/bx/it' in size <24.09> not available
(Font)              Font shape `OT1/ptm/b/it' tried instead on input line 1090.

\IEEEquantizedlength=\dimen148
\IEEEquantizedlengthdiff=\dimen149
\IEEEquantizedtextheightdiff=\dimen150
\IEEEilabelindentA=\dimen151
\IEEEilabelindentB=\dimen152
\IEEEilabelindent=\dimen153
\IEEEelabelindent=\dimen154
\IEEEdlabelindent=\dimen155
\IEEElabelindent=\dimen156
\IEEEiednormlabelsep=\dimen157
\IEEEiedmathlabelsep=\dimen158
\IEEEiedtopsep=\skip49
\c@section=\count199
\c@subsection=\count266
\c@subsubsection=\count267
\c@paragraph=\count268
\c@IEEEsubequation=\count269
\abovecaptionskip=\skip50
\belowcaptionskip=\skip51
\c@figure=\count270
\c@table=\count271
\@IEEEeqnnumcols=\count272
\@IEEEeqncolcnt=\count273
\@IEEEsubeqnnumrollback=\count274
\@IEEEquantizeheightA=\dimen159
\@IEEEquantizeheightB=\dimen160
\@IEEEquantizeheightC=\dimen161
\@IEEEquantizeprevdepth=\dimen162
\@IEEEquantizemultiple=\count275
\@IEEEquantizeboxA=\box52
\@IEEEtmpitemindent=\dimen163
\IEEEPARstartletwidth=\dimen164
\c@IEEEbiography=\count276
\@IEEEtranrubishbin=\box53
) (/usr/share/texmf-dist/tex/latex/cite/cite.sty
LaTeX Info: Redefining \cite on input line 302.
LaTeX Info: Redefining \nocite on input line 332.
Package: cite 2015/02/27  v 5.5
)
(/usr/share/texmf-dist/tex/latex/graphics/graphicx.sty
Package: graphicx 2021/09/16 v1.2d Enhanced LaTeX Graphics (DPC,SPQR)

(/usr/share/texmf-dist/tex/latex/graphics/keyval.sty
Package: keyval 2022/05/29 v1.15 key=value parser (DPC)
\KV@toks@=\toks18
)
(/usr/share/texmf-dist/tex/latex/graphics/graphics.sty
Package: graphics 2024/08/06 v1.4g Standard LaTeX Graphics (DPC,SPQR)

(/usr/share/texmf-dist/tex/latex/graphics/trig.sty
Package: trig 2023/12/02 v1.11 sin cos tan (DPC)
)
(/usr/share/texmf-dist/tex/latex/graphics-cfg/graphics.cfg
File: graphics.cfg 2016/06/04 v1.11 sample graphics configuration
)
Package graphics Info: Driver file: pdftex.def on input line 106.

(/usr/share/texmf-dist/tex/latex/graphics-def/pdftex.def
File: pdftex.def 2024/04/13 v1.2c Graphics/color driver for pdftex
))
\Gin@req@height=\dimen165
\Gin@req@width=\dimen166
)
(/usr/share/texmf-dist/tex/latex/url/url.sty
\Urlmuskip=\muskip17
Package: url 2013/09/16  ver 3.4  Verb mode for urls, etc.
)
(/usr/share/texmf-dist/tex/generic/babel/babel.sty
Package: babel 2025/02/14 v25.4 The multilingual framework for pdfLaTeX, LuaLaT
eX and XeLaTeX
\babel@savecnt=\count277
\U@D=\dimen167
\l@unhyphenated=\language29

(/usr/share/texmf-dist/tex/generic/babel/txtbabel.def)
\bbl@readstream=\read2
\bbl@dirlevel=\count278

(/usr/share/texmf-dist/tex/generic/babel-portuges/brazil.ldf
Language: portuges 2021/07/09 v1.2t Portuguese support from the babel system
Package babel Info: Hyphen rules for 'brazil' set to \l@portuguese
(babel)             (\language28). Reported on input line 111.
Package babel Info: Making " an active character on input line 143.
)
(/usr/share/texmf-dist/tex/generic/babel-english/english.ldf
Language: english 2017/06/06 v3.3r English support from the babel system
Package babel Info: Hyphen rules for 'british' set to \l@english
(babel)             (\language0). Reported on input line 82.
Package babel Info: Hyphen rules for 'UKenglish' set to \l@english
(babel)             (\language0). Reported on input line 83.
Package babel Info: Hyphen rules for 'canadian' set to \l@english
(babel)             (\language0). Reported on input line 102.
Package babel Info: Hyphen rules for 'australian' set to \l@english
(babel)             (\language0). Reported on input line 105.
Package babel Info: Hyphen rules for 'newzealand' set to \l@english
(babel)             (\language0). Reported on input line 108.
))
(/usr/share/texmf-dist/tex/generic/babel/locale/en/babel-english.tex
Package babel Info: Importing font and identification data for english
(babel)             from babel-en.ini. Reported on input line 11.
)
(/usr/share/texmf-dist/tex/latex/l3backend/l3backend-pdftex.def
File: l3backend-pdftex.def 2024-05-08 L3 backend support: PDF output (pdfTeX)
\l__color_backend_stack_int=\count279
\l__pdf_internal_box=\box54
) (./main.aux)
\openout1 = `main.aux'.

LaTeX Font Info:    Checking defaults for OML/cmm/m/it on input line 329.
LaTeX Font Info:    ... okay on input line 329.
LaTeX Font Info:    Checking defaults for OMS/cmsy/m/n on input line 329.
LaTeX Font Info:    ... okay on input line 329.
LaTeX Font Info:    Checking defaults for OT1/cmr/m/n on input line 329.
LaTeX Font Info:    ... okay on input line 329.
LaTeX Font Info:    Checking defaults for T1/cmr/m/n on input line 329.
LaTeX Font Info:    ... okay on input line 329.
LaTeX Font Info:    Checking defaults for TS1/cmr/m/n on input line 329.
LaTeX Font Info:    ... okay on input line 329.
LaTeX Font Info:    Checking defaults for OMX/cmex/m/n on input line 329.
LaTeX Font Info:    ... okay on input line 329.
LaTeX Font Info:    Checking defaults for U/cmr/m/n on input line 329.
LaTeX Font Info:    ... okay on input line 329.

-- Lines per column: 58 (exact).
(/usr/share/texmf-dist/tex/context/base/mkii/supp-pdf.mkii
[Loading MPS to PDF converter (version 2006.09.02).]
\scratchcounter=\count280
\scratchdimen=\dimen168
\scratchbox=\box55
\nofMPsegments=\count281
\nofMParguments=\count282
\everyMPshowfont=\toks19
\MPscratchCnt=\count283
\MPscratchDim=\dimen169
\MPnumerator=\count284
\makeMPintoPDFobject=\count285
\everyMPtoPDFconversion=\toks20
) (/usr/share/texmf-dist/tex/latex/epstopdf-pkg/epstopdf-base.sty
Package: epstopdf-base 2020-01-24 v2.11 Base part for package epstopdf

(/usr/share/texmf-dist/tex/generic/infwarerr/infwarerr.sty
Package: infwarerr 2019/12/03 v1.5 Providing info/warning/error messages (HO)
)
(/usr/share/texmf-dist/tex/latex/grfext/grfext.sty
Package: grfext 2019/12/03 v1.3 Manage graphics extensions (HO)

(/usr/share/texmf-dist/tex/generic/kvdefinekeys/kvdefinekeys.sty
Package: kvdefinekeys 2019-12-19 v1.6 Define keys (HO)
))
(/usr/share/texmf-dist/tex/latex/kvoptions/kvoptions.sty
Package: kvoptions 2022-06-15 v3.15 Key value format for package options (HO)

(/usr/share/texmf-dist/tex/generic/ltxcmds/ltxcmds.sty
Package: ltxcmds 2023-12-04 v1.26 LaTeX kernel commands for general use (HO)
)
(/usr/share/texmf-dist/tex/latex/kvsetkeys/kvsetkeys.sty
Package: kvsetkeys 2022-10-05 v1.19 Key value parser (HO)
))
(/usr/share/texmf-dist/tex/generic/pdftexcmds/pdftexcmds.sty
Package: pdftexcmds 2020-06-27 v0.33 Utility functions of pdfTeX for LuaTeX (HO
)

(/usr/share/texmf-dist/tex/generic/iftex/iftex.sty
Package: iftex 2024/12/12 v1.0g TeX engine tests
)
Package pdftexcmds Info: \pdf@primitive is available.
Package pdftexcmds Info: \pdf@ifprimitive is available.
Package pdftexcmds Info: \pdfdraftmode found.
)
Package epstopdf-base Info: Redefining graphics rule for `.eps' on input line 4
85.
Package grfext Info: Graphics extension search list:
(grfext)             [.pdf,.jpeg,.png,.eps]
(grfext)             \AppendGraphicsExtensions on input line 504.

(/usr/share/texmf-dist/tex/latex/latexconfig/epstopdf-sys.cfg
File: epstopdf-sys.cfg 2010/07/13 v1.3 Configuration of (r)epstopdf for TeX Liv
e
))
LaTeX Font Info:    Trying to load font information for OT1+phv on input line 3
98.

(/usr/share/texmf-dist/tex/latex/psnfss/ot1phv.fd
File: ot1phv.fd 2020/03/25 scalable font definitions for OT1/phv.
)
<../media/chatweb.png, id=1, 352.53659pt x 112.8117pt>
File: ../media/chatweb.png Graphic file (type png)
<use ../media/chatweb.png>
Package pdftex.def Info: ../media/chatweb.png  used on input line 438.
(pdftex.def)             Requested size: 151.76854pt x 48.56488pt.


LaTeX Font Info:    Calculating math sizes for size <10.03749> on input line 44
7.
LaTeX Font Info:    External font `cmex10' loaded for size
(Font)              <10.03749> on input line 447.
LaTeX Font Info:    External font `cmex10' loaded for size
(Font)              <7.0262> on input line 447.
LaTeX Font Info:    External font `cmex10' loaded for size
(Font)              <5.01874> on input line 447.


[1{/var/lib/texmf/fonts/map/pdftex/updmap/pdftex.map}{/usr/share/texmf-dist/fon
ts/enc/dvips/base/8r.enc}


 <../media/chatweb.png>]
Underfull \hbox (badness 2173) in paragraph at lines 457--458
\OT1/ptm/m/n/10.03749 gem Python em con-junto com o fra-mework Flask$[]$
 []



<../media/00-client0_app.png, id=14, 1927.2pt x 1051.93pt>
File: ../media/00-client0_app.png Graphic file (type png)
<use ../media/00-client0_app.png>
Package pdftex.def Info: ../media/00-client0_app.png  used on input line 485.
(pdftex.def)             Requested size: 243.91125pt x 133.12814pt.
<../media/01-client1_app.png, id=15, 1927.2pt x 1051.93pt>
File: ../media/01-client1_app.png Graphic file (type png)
<use ../media/01-client1_app.png>
Package pdftex.def Info: ../media/01-client1_app.png  used on input line 492.
(pdftex.def)             Requested size: 243.91125pt x 133.12814pt.

LaTeX Warning: `!h' float specifier changed to `!ht'.

<../media/02-OK_listeners.js_file_data.png, id=16, 1927.2pt x 1051.93pt>
File: ../media/02-OK_listeners.js_file_data.png Graphic file (type png)
<use ../media/02-OK_listeners.js_file_data.png>
Package pdftex.def Info: ../media/02-OK_listeners.js_file_data.png  used on inp
ut line 499.
(pdftex.def)             Requested size: 243.91125pt x 133.12814pt.

LaTeX Warning: `!h' float specifier changed to `!ht'.

<../media/03-listeners_total_bytes.png, id=17, 1069.9975pt x 211.79124pt>
File: ../media/03-listeners_total_bytes.png Graphic file (type png)
<use ../media/03-listeners_total_bytes.png>
Package pdftex.def Info: ../media/03-listeners_total_bytes.png  used on input l
ine 506.
(pdftex.def)             Requested size: 243.91125pt x 48.27791pt.

LaTeX Warning: `!h' float specifier changed to `!ht'.

<../media/04-register.png, id=18, 1927.2pt x 1051.93pt>
File: ../media/04-register.png Graphic file (type png)
<use ../media/04-register.png>
Package pdftex.def Info: ../media/04-register.png  used on input line 513.
(pdftex.def)             Requested size: 243.91125pt x 133.12814pt.

LaTeX Warning: `!h' float specifier changed to `!ht'.

<../media/05-server_link_network.png, id=19, 1927.2pt x 1051.93pt>
File: ../media/05-server_link_network.png Graphic file (type png)
<use ../media/05-server_link_network.png>
Package pdftex.def Info: ../media/05-server_link_network.png  used on input lin
e 520.
(pdftex.def)             Requested size: 243.91125pt x 133.12814pt.

LaTeX Warning: `!h' float specifier changed to `!ht'.

<../media/06-server_transport.png, id=20, 1927.2pt x 1051.93pt>
File: ../media/06-server_transport.png Graphic file (type png)
<use ../media/06-server_transport.png>
Package pdftex.def Info: ../media/06-server_transport.png  used on input line 5
27.
(pdftex.def)             Requested size: 243.91125pt x 133.12814pt.

LaTeX Warning: `!h' float specifier changed to `!ht'.

<../media/07-server_application.png, id=21, 1927.2pt x 1051.93pt>
File: ../media/07-server_application.png Graphic file (type png)
<use ../media/07-server_application.png>
Package pdftex.def Info: ../media/07-server_application.png  used on input line
 534.
(pdftex.def)             Requested size: 243.91125pt x 133.12814pt.

LaTeX Warning: `!h' float specifier changed to `!ht'.


Underfull \hbox (badness 1448) in paragraph at lines 541--542
[]\OT1/ptm/b/n/10.03749 B. \OT1/ptm/m/n/10.03749 Nas fi-gu-ras 2 e 3 est[]ao re
-pre-sen-ta-dos os IPs
 []



[2 <../media/00-client0_app.png>]



[3 <../media/01-client1_app.png> <../media/02-OK_listeners.js_file_data.png> <.
./media/03-listeners_total_bytes.png> <../media/04-register.png> <../media/05-s
erver_link_network.png> <../media/06-server_transport.png> <../media/07-server_
application.png>]
Underfull \hbox (badness 10000) in paragraph at lines 581--583
[]\OT1/ptm/m/n/8.03 ``Flask Do-cu-men-ta-tion,'' [On-line]. Dis-pon[]^^Pvel em:

 []


Underfull \hbox (badness 10000) in paragraph at lines 585--587
[]\OT1/ptm/m/n/8.03 ``Werkzeug Do-cu-men-ta-tion,'' [On-line]. Dis-pon[]^^Pvel 
em:
 []


Underfull \hbox (badness 10000) in paragraph at lines 589--591
[]\OT1/ptm/m/n/8.03 ``Documenta[][]ao Soc-ke-tIO,'' [On-line]. Dis-pon[]^^Pvel 
em:
 []


Underfull \hbox (badness 10000) in paragraph at lines 593--595
[]\OT1/ptm/m/n/8.03 ``Flask-SocketIO Do-cu-men-ta-tion,'' [On-line]. Dis-pon[]^
^Pvel em:
 []


Underfull \hbox (badness 10000) in paragraph at lines 601--603
[]\OT1/ptm/m/n/8.03 ``MDS Web Docs - Re-fe-ren-ces,'' [On-line]. Dis-pon[]^^Pve
l em:
 []


Underfull \hbox (badness 10000) in paragraph at lines 605--607
[]\OT1/ptm/m/n/8.03 ``ChatWeb 2.0 | Re-des de Com-pu-ta-do-res - Pro-
 []


Underfull \hbox (badness 10000) in paragraph at lines 605--607
\OT1/ptm/m/n/8.03 jeto 1 | UnB | 2025.1,'' [On-line]. Dis-pon[]^^Pvel em:
 []


** Conference Paper **
Before submitting the final camera ready copy, remember to:

 1. Manually equalize the lengths of two columns on the last page
 of your paper;

 2. Ensure that any PostScript and/or PDF output post-processing
 uses only Type 1 fonts and that every step in the generation
 process uses the appropriate paper size.





[4

] (./main.aux)
 ***********
LaTeX2e <2024-11-01> patch level 2
L3 programming layer <2025-01-18>
 ***********
 ) 
Here is how much of TeX's memory you used:
 4152 strings out of 474637
 75528 string characters out of 5756212
 494474 words of memory out of 5000000
 27271 multiletter control sequences out of 15000+600000
 593676 words of font info for 90 fonts, out of 8000000 for 9000
 269 hyphenation exceptions out of 8191
 59i,11n,67p,843b,366s stack positions out of 10000i,1000n,20000p,200000b,200000s
</usr/share/texmf-dist/fonts/type1/public/amsfonts/cm/cmr7.pfb></usr/share/te
xmf-dist/fonts/type1/urw/times/utmb8a.pfb></usr/share/texmf-dist/fonts/type1/ur
w/times/utmbi8a.pfb></usr/share/texmf-dist/fonts/type1/urw/times/utmr8a.pfb></u
sr/share/texmf-dist/fonts/type1/urw/times/utmri8a.pfb>
Output written on main.pdf (4 pages, 2029213 bytes).
PDF statistics:
 62 PDF objects out of 1000 (max. 8388607)
 27 compressed objects within 1 object stream
 0 named destinations out of 1000 (max. 500000)
 46 words of extra memory for PDF output out of 10000 (max. 10000000)

